<?xml version="1.0" encoding="UTF-8"?>
<testng-results skipped="0" failed="0" ignored="0" total="1" passed="1">
  <reporter-output>
  </reporter-output>
  <suite name="Suite" duration-ms="22939" started-at="2021-03-20T11:26:51 EDT" finished-at="2021-03-20T11:27:14 EDT">
    <groups>
    </groups>
    <test name="Test-chrome" duration-ms="22939" started-at="2021-03-20T11:26:51 EDT" finished-at="2021-03-20T11:27:14 EDT">
      <class name="com.InetBanking.testCases.TC003_AddCustomer">
        <test-method status="PASS" signature="Setup(java.lang.String)[pri:0, instance:com.InetBanking.testCases.TC003_AddCustomer@4d41cee]" name="Setup" is-config="true" duration-ms="3170" started-at="2021-03-20T11:26:51 EDT" finished-at="2021-03-20T11:26:54 EDT">
          <params>
            <param index="0">
              <value>
                <![CDATA[chrome]]>
              </value>
            </param>
          </params>
          <reporter-output>
          </reporter-output>
        </test-method> <!-- Setup -->
        <test-method status="PASS" signature="addNewCustomer()[pri:0, instance:com.InetBanking.testCases.TC003_AddCustomer@4d41cee]" name="addNewCustomer" duration-ms="18798" started-at="2021-03-20T11:26:54 EDT" finished-at="2021-03-20T11:27:13 EDT">
          <reporter-output>
          </reporter-output>
        </test-method> <!-- addNewCustomer -->
        <test-method status="PASS" signature="TearDown()[pri:0, instance:com.InetBanking.testCases.TC003_AddCustomer@4d41cee]" name="TearDown" is-config="true" duration-ms="611" started-at="2021-03-20T11:27:13 EDT" finished-at="2021-03-20T11:27:14 EDT">
          <reporter-output>
          </reporter-output>
        </test-method> <!-- TearDown -->
      </class> <!-- com.InetBanking.testCases.TC003_AddCustomer -->
    </test> <!-- Test-chrome -->
  </suite> <!-- Suite -->
</testng-results>
