<?xml version="1.0" encoding="UTF-8"?>
<testng-results ignored="0" total="1" passed="1" failed="0" skipped="0">
  <reporter-output>
  </reporter-output>
  <suite started-at="2021-03-19T14:16:01 EDT" name="Suite" finished-at="2021-03-19T14:16:24 EDT" duration-ms="22921">
    <groups>
    </groups>
    <test started-at="2021-03-19T14:16:01 EDT" name="Test-chrome" finished-at="2021-03-19T14:16:24 EDT" duration-ms="22921">
      <class name="com.InetBanking.testCases.TC003_AddCustomer">
        <test-method is-config="true" signature="Setup(java.lang.String)[pri:0, instance:com.InetBanking.testCases.TC003_AddCustomer@2b91004a]" started-at="2021-03-19T14:16:02 EDT" name="Setup" finished-at="2021-03-19T14:16:05 EDT" duration-ms="3213" status="PASS">
          <params>
            <param index="0">
              <value>
                <![CDATA[chrome]]>
              </value>
            </param>
          </params>
          <reporter-output>
          </reporter-output>
        </test-method> <!-- Setup -->
        <test-method signature="addNewCustomer()[pri:0, instance:com.InetBanking.testCases.TC003_AddCustomer@2b91004a]" started-at="2021-03-19T14:16:05 EDT" name="addNewCustomer" finished-at="2021-03-19T14:16:23 EDT" duration-ms="18689" status="PASS">
          <reporter-output>
          </reporter-output>
        </test-method> <!-- addNewCustomer -->
        <test-method is-config="true" signature="TearDown()[pri:0, instance:com.InetBanking.testCases.TC003_AddCustomer@2b91004a]" started-at="2021-03-19T14:16:23 EDT" name="TearDown" finished-at="2021-03-19T14:16:24 EDT" duration-ms="655" status="PASS">
          <reporter-output>
          </reporter-output>
        </test-method> <!-- TearDown -->
      </class> <!-- com.InetBanking.testCases.TC003_AddCustomer -->
    </test> <!-- Test-chrome -->
  </suite> <!-- Suite -->
</testng-results>
